# JRE version: OpenJDK Runtime Environment Temurin-21.0.11+10 (21.0.11+10) (build 21.0.11+10-LTS)
# Java VM: OpenJDK 64-Bit Server VM Temurin-21.0.11+10 (21.0.11+10-LTS, mixed mode, sharing, tiered, compressed oops, compressed class ptrs, parallel gc, windows-amd64)
GC Precious Log:
 CardTable entry size: 512
 CPUs: 12 total, 12 available
 Memory: 16009M
 Large Page Support: Disabled
 NUMA Support: Disabled
 Compressed Oops: Enabled (32-bit)
 Alignments: Space 512K, Generation 512K, Heap 2M
 Heap Min Capacity: 100M
 Heap Initial Capacity: 100M
 Heap Max Capacity: 2G
 Pre-touch: Disabled
 Parallel Workers: 10
Heap:
 PSYoungGen      total 18432K, used 6810K [0x00000000d5580000, 0x00000000d7480000, 0x0000000100000000)
  eden space 16896K, 31% used [0x00000000d5580000,0x00000000d5aaa9c0,0x00000000d6600000)
  from space 1536K, 98% used [0x00000000d6b80000,0x00000000d6cfc218,0x00000000d6d00000)
  to   space 5632K, 0% used [0x00000000d6600000,0x00000000d6600000,0x00000000d6b80000)
 ParOldGen       total 68608K, used 54979K [0x0000000080000000, 0x0000000084300000, 0x00000000d5580000)
  object space 68608K, 80% used [0x0000000080000000,0x00000000835b0e20,0x0000000084300000)
 Metaspace       used 65903K, committed 67264K, reserved 1114112K
  class space    used 7148K, committed 7680K, reserved 1048576K
GC Heap History (20 events):
Event: 32.314 GC heap before
{Heap before GC invocations=36 (full 3):
 PSYoungGen      total 21504K, used 21472K [0x00000000d5580000, 0x00000000d6f00000, 0x0000000100000000)
  eden space 20480K, 100% used [0x00000000d5580000,0x00000000d6980000,0x00000000d6980000)
  from space 1024K, 96% used [0x00000000d6c00000,0x00000000d6cf8020,0x00000000d6d00000)
  to   space 2560K, 0% used [0x00000000d6980000,0x00000000d6980000,0x00000000d6c00000)
 ParOldGen       total 68608K, used 37008K [0x0000000080000000, 0x0000000084300000, 0x00000000d5580000)
  object space 68608K, 53% used [0x0000000080000000,0x0000000082424378,0x0000000084300000)
 Metaspace       used 60017K, committed 61312K, reserved 1114112K
  class space    used 6578K, committed 7104K, reserved 1048576K
}
Event: 32.317 GC heap after
{Heap after GC invocations=36 (full 3):
 PSYoungGen      total 23040K, used 2193K [0x00000000d5580000, 0x00000000d6e80000, 0x0000000100000000)
  eden space 20480K, 0% used [0x00000000d5580000,0x00000000d5580000,0x00000000d6980000)
  from space 2560K, 85% used [0x00000000d6980000,0x00000000d6ba4420,0x00000000d6c00000)
  to   space 2560K, 0% used [0x00000000d6c00000,0x00000000d6c00000,0x00000000d6e80000)
 ParOldGen       total 68608K, used 37976K [0x0000000080000000, 0x0000000084300000, 0x00000000d5580000)
  object space 68608K, 55% used [0x0000000080000000,0x00000000825163a8,0x0000000084300000)
 Metaspace       used 60017K, committed 61312K, reserved 1114112K
  class space    used 6578K, committed 7104K, reserved 1048576K
}
Event: 32.382 GC heap before
{Heap before GC invocations=37 (full 3):
 PSYoungGen      total 23040K, used 22636K [0x00000000d5580000, 0x00000000d6e80000, 0x0000000100000000)
  eden space 20480K, 99% used [0x00000000d5580000,0x00000000d6976fc0,0x00000000d6980000)
  from space 2560K, 85% used [0x00000000d6980000,0x00000000d6ba4420,0x00000000d6c00000)
  to   space 2560K, 0% used [0x00000000d6c00000,0x00000000d6c00000,0x00000000d6e80000)
 ParOldGen       total 68608K, used 37976K [0x0000000080000000, 0x0000000084300000, 0x00000000d5580000)
  object space 68608K, 55% used [0x0000000080000000,0x00000000825163a8,0x0000000084300000)
 Metaspace       used 60069K, committed 61312K, reserved 1114112K
  class space    used 6590K, committed 7104K, reserved 1048576K
}
Event: 32.387 GC heap after
{Heap after GC invocations=37 (full 3):
 PSYoungGen      total 23040K, used 2402K [0x00000000d5580000, 0x00000000d6e80000, 0x0000000100000000)
  eden space 20480K, 0% used [0x00000000d5580000,0x00000000d5580000,0x00000000d6980000)
  from space 2560K, 93% used [0x00000000d6c00000,0x00000000d6e58810,0x00000000d6e80000)
  to   space 2560K, 0% used [0x00000000d6980000,0x00000000d6980000,0x00000000d6c00000)
 ParOldGen       total 68608K, used 39908K [0x0000000080000000, 0x0000000084300000, 0x00000000d5580000)
  object space 68608K, 58% used [0x0000000080000000,0x00000000826f9088,0x0000000084300000)
 Metaspace       used 60069K, committed 61312K, reserved 1114112K
  class space    used 6590K, committed 7104K, reserved 1048576K
}
Event: 32.482 GC heap before
{Heap before GC invocations=38 (full 3):
 PSYoungGen      total 23040K, used 22882K [0x00000000d5580000, 0x00000000d6e80000, 0x0000000100000000)
  eden space 20480K, 100% used [0x00000000d5580000,0x00000000d6980000,0x00000000d6980000)
  from space 2560K, 93% used [0x00000000d6c00000,0x00000000d6e58810,0x00000000d6e80000)
  to   space 2560K, 0% used [0x00000000d6980000,0x00000000d6980000,0x00000000d6c00000)
 ParOldGen       total 68608K, used 39908K [0x0000000080000000, 0x0000000084300000, 0x00000000d5580000)
  object space 68608K, 58% used [0x0000000080000000,0x00000000826f9088,0x0000000084300000)
 Metaspace       used 60134K, committed 61440K, reserved 1114112K
  class space    used 6603K, committed 7168K, reserved 1048576K
}
Event: 32.486 GC heap after
{Heap after GC invocations=38 (full 3):
 PSYoungGen      total 23040K, used 2020K [0x00000000d5580000, 0x00000000d6e80000, 0x0000000100000000)
  eden space 20480K, 0% used [0x00000000d5580000,0x00000000d5580000,0x00000000d6980000)
  from space 2560K, 78% used [0x00000000d6980000,0x00000000d6b79000,0x00000000d6c00000)
  to   space 2560K, 0% used [0x00000000d6c00000,0x00000000d6c00000,0x00000000d6e80000)
 ParOldGen       total 68608K, used 42074K [0x0000000080000000, 0x0000000084300000, 0x00000000d5580000)
  object space 68608K, 61% used [0x0000000080000000,0x0000000082916a48,0x0000000084300000)
 Metaspace       used 60134K, committed 61440K, reserved 1114112K
  class space    used 6603K, committed 7168K, reserved 1048576K
}
Event: 32.567 GC heap before
{Heap before GC invocations=39 (full 3):
 PSYoungGen      total 23040K, used 22500K [0x00000000d5580000, 0x00000000d6e80000, 0x0000000100000000)
  eden space 20480K, 100% used [0x00000000d5580000,0x00000000d6980000,0x00000000d6980000)
  from space 2560K, 78% used [0x00000000d6980000,0x00000000d6b79000,0x00000000d6c00000)
  to   space 2560K, 0% used [0x00000000d6c00000,0x00000000d6c00000,0x00000000d6e80000)
 ParOldGen       total 68608K, used 42074K [0x0000000080000000, 0x0000000084300000, 0x00000000d5580000)
  object space 68608K, 61% used [0x0000000080000000,0x0000000082916a48,0x0000000084300000)
 Metaspace       used 60195K, committed 61440K, reserved 1114112K
  class space    used 6613K, committed 7168K, reserved 1048576K
}
Event: 32.572 GC heap after
{Heap after GC invocations=39 (full 3):
 PSYoungGen      total 22528K, used 1984K [0x00000000d5580000, 0x00000000d6e00000, 0x0000000100000000)
  eden space 20480K, 0% used [0x00000000d5580000,0x00000000d5580000,0x00000000d6980000)
  from space 2048K, 96% used [0x00000000d6c00000,0x00000000d6df0000,0x00000000d6e00000)
  to   space 2048K, 0% used [0x00000000d6a00000,0x00000000d6a00000,0x00000000d6c00000)
 ParOldGen       total 68608K, used 43946K [0x0000000080000000, 0x0000000084300000, 0x00000000d5580000)
  object space 68608K, 64% used [0x0000000080000000,0x0000000082aeab48,0x0000000084300000)
 Metaspace       used 60195K, committed 61440K, reserved 1114112K
  class space    used 6613K, committed 7168K, reserved 1048576K
}
Event: 32.679 GC heap before
{Heap before GC invocations=40 (full 3):
 PSYoungGen      total 22528K, used 22464K [0x00000000d5580000, 0x00000000d6e00000, 0x0000000100000000)
  eden space 20480K, 100% used [0x00000000d5580000,0x00000000d6980000,0x00000000d6980000)
  from space 2048K, 96% used [0x00000000d6c00000,0x00000000d6df0000,0x00000000d6e00000)
  to   space 2048K, 0% used [0x00000000d6a00000,0x00000000d6a00000,0x00000000d6c00000)
 ParOldGen       total 68608K, used 43946K [0x0000000080000000, 0x0000000084300000, 0x00000000d5580000)
  object space 68608K, 64% used [0x0000000080000000,0x0000000082aeab48,0x0000000084300000)
 Metaspace       used 60287K, committed 61504K, reserved 1114112K
  class space    used 6621K, committed 7168K, reserved 1048576K
}
Event: 32.684 GC heap after
{Heap after GC invocations=40 (full 3):
 PSYoungGen      total 22528K, used 2016K [0x00000000d5580000, 0x00000000d7280000, 0x0000000100000000)
  eden space 20480K, 0% used [0x00000000d5580000,0x00000000d5580000,0x00000000d6980000)
  from space 2048K, 98% used [0x00000000d6a00000,0x00000000d6bf8010,0x00000000d6c00000)
  to   space 4608K, 0% used [0x00000000d6e00000,0x00000000d6e00000,0x00000000d7280000)
 ParOldGen       total 68608K, used 45890K [0x0000000080000000, 0x0000000084300000, 0x00000000d5580000)
  object space 68608K, 66% used [0x0000000080000000,0x0000000082cd0b48,0x0000000084300000)
 Metaspace       used 60287K, committed 61504K, reserved 1114112K
  class space    used 6621K, committed 7168K, reserved 1048576K
}
Event: 32.838 GC heap before
{Heap before GC invocations=41 (full 3):
 PSYoungGen      total 22528K, used 22496K [0x00000000d5580000, 0x00000000d7280000, 0x0000000100000000)
  eden space 20480K, 100% used [0x00000000d5580000,0x00000000d6980000,0x00000000d6980000)
  from space 2048K, 98% used [0x00000000d6a00000,0x00000000d6bf8010,0x00000000d6c00000)
  to   space 4608K, 0% used [0x00000000d6e00000,0x00000000d6e00000,0x00000000d7280000)
 ParOldGen       total 68608K, used 45890K [0x0000000080000000, 0x0000000084300000, 0x00000000d5580000)
  object space 68608K, 66% used [0x0000000080000000,0x0000000082cd0b48,0x0000000084300000)
 Metaspace       used 60599K, committed 61824K, reserved 1114112K
  class space    used 6648K, committed 7168K, reserved 1048576K
}
Event: 32.841 GC heap after
{Heap after GC invocations=41 (full 3):
 PSYoungGen      total 22016K, used 1496K [0x00000000d5580000, 0x00000000d6f80000, 0x0000000100000000)
  eden space 20480K, 0% used [0x00000000d5580000,0x00000000d5580000,0x00000000d6980000)
  from space 1536K, 97% used [0x00000000d6e00000,0x00000000d6f76200,0x00000000d6f80000)
  to   space 2560K, 0% used [0x00000000d6a80000,0x00000000d6a80000,0x00000000d6d00000)
 ParOldGen       total 68608K, used 47922K [0x0000000080000000, 0x0000000084300000, 0x00000000d5580000)
  object space 68608K, 69% used [0x0000000080000000,0x0000000082eccb58,0x0000000084300000)
 Metaspace       used 60599K, committed 61824K, reserved 1114112K
  class space    used 6648K, committed 7168K, reserved 1048576K
}
Event: 33.119 GC heap before
{Heap before GC invocations=42 (full 3):
 PSYoungGen      total 22016K, used 21976K [0x00000000d5580000, 0x00000000d6f80000, 0x0000000100000000)
  eden space 20480K, 100% used [0x00000000d5580000,0x00000000d6980000,0x00000000d6980000)
  from space 1536K, 97% used [0x00000000d6e00000,0x00000000d6f76200,0x00000000d6f80000)
  to   space 2560K, 0% used [0x00000000d6a80000,0x00000000d6a80000,0x00000000d6d00000)
 ParOldGen       total 68608K, used 47922K [0x0000000080000000, 0x0000000084300000, 0x00000000d5580000)
  object space 68608K, 69% used [0x0000000080000000,0x0000000082eccb58,0x0000000084300000)
 Metaspace       used 61028K, committed 62336K, reserved 1114112K
  class space    used 6668K, committed 7232K, reserved 1048576K
}
Event: 33.123 GC heap after
{Heap after GC invocations=42 (full 3):
 PSYoungGen      total 22016K, used 1344K [0x00000000d5580000, 0x00000000d6e80000, 0x0000000100000000)
  eden space 20480K, 0% used [0x00000000d5580000,0x00000000d5580000,0x00000000d6980000)
  from space 1536K, 87% used [0x00000000d6a80000,0x00000000d6bd0038,0x00000000d6c00000)
  to   space 2048K, 0% used [0x00000000d6c80000,0x00000000d6c80000,0x00000000d6e80000)
 ParOldGen       total 68608K, used 49224K [0x0000000080000000, 0x0000000084300000, 0x00000000d5580000)
  object space 68608K, 71% used [0x0000000080000000,0x00000000830120b0,0x0000000084300000)
 Metaspace       used 61028K, committed 62336K, reserved 1114112K
  class space    used 6668K, committed 7232K, reserved 1048576K
}
Event: 33.709 GC heap before
{Heap before GC invocations=43 (full 3):
 PSYoungGen      total 22016K, used 21824K [0x00000000d5580000, 0x00000000d6e80000, 0x0000000100000000)
  eden space 20480K, 100% used [0x00000000d5580000,0x00000000d6980000,0x00000000d6980000)
  from space 1536K, 87% used [0x00000000d6a80000,0x00000000d6bd0038,0x00000000d6c00000)
  to   space 2048K, 0% used [0x00000000d6c80000,0x00000000d6c80000,0x00000000d6e80000)
 ParOldGen       total 68608K, used 49224K [0x0000000080000000, 0x0000000084300000, 0x00000000d5580000)
  object space 68608K, 71% used [0x0000000080000000,0x00000000830120b0,0x0000000084300000)
 Metaspace       used 62018K, committed 63296K, reserved 1114112K
  class space    used 6762K, committed 7296K, reserved 1048576K
}
Event: 33.713 GC heap after
{Heap after GC invocations=43 (full 3):
 PSYoungGen      total 22016K, used 1517K [0x00000000d5580000, 0x00000000d6e00000, 0x0000000100000000)
  eden space 20480K, 0% used [0x00000000d5580000,0x00000000d5580000,0x00000000d6980000)
  from space 1536K, 98% used [0x00000000d6c80000,0x00000000d6dfb510,0x00000000d6e00000)
  to   space 2048K, 0% used [0x00000000d6a00000,0x00000000d6a00000,0x00000000d6c00000)
 ParOldGen       total 68608K, used 50304K [0x0000000080000000, 0x0000000084300000, 0x00000000d5580000)
  object space 68608K, 73% used [0x0000000080000000,0x00000000831200e0,0x0000000084300000)
 Metaspace       used 62018K, committed 63296K, reserved 1114112K
  class space    used 6762K, committed 7296K, reserved 1048576K
}
Event: 35.004 GC heap before
{Heap before GC invocations=44 (full 3):
 PSYoungGen      total 22016K, used 21997K [0x00000000d5580000, 0x00000000d6e00000, 0x0000000100000000)
  eden space 20480K, 100% used [0x00000000d5580000,0x00000000d6980000,0x00000000d6980000)
  from space 1536K, 98% used [0x00000000d6c80000,0x00000000d6dfb510,0x00000000d6e00000)
  to   space 2048K, 0% used [0x00000000d6a00000,0x00000000d6a00000,0x00000000d6c00000)
 ParOldGen       total 68608K, used 50304K [0x0000000080000000, 0x0000000084300000, 0x00000000d5580000)
  object space 68608K, 73% used [0x0000000080000000,0x00000000831200e0,0x0000000084300000)
 Metaspace       used 64462K, committed 65856K, reserved 1114112K
  class space    used 6987K, committed 7552K, reserved 1048576K
}
Event: 35.008 GC heap after
{Heap after GC invocations=44 (full 3):
 PSYoungGen      total 22016K, used 1256K [0x00000000d5580000, 0x00000000d6d00000, 0x0000000100000000)
  eden space 20480K, 0% used [0x00000000d5580000,0x00000000d5580000,0x00000000d6980000)
  from space 1536K, 81% used [0x00000000d6a00000,0x00000000d6b3a1d8,0x00000000d6b80000)
  to   space 1536K, 0% used [0x00000000d6b80000,0x00000000d6b80000,0x00000000d6d00000)
 ParOldGen       total 68608K, used 51590K [0x0000000080000000, 0x0000000084300000, 0x00000000d5580000)
  object space 68608K, 75% used [0x0000000080000000,0x0000000083261a60,0x0000000084300000)
 Metaspace       used 64462K, committed 65856K, reserved 1114112K
  class space    used 6987K, committed 7552K, reserved 1048576K
}
Event: 36.247 GC heap before
{Heap before GC invocations=45 (full 3):
 PSYoungGen      total 22016K, used 21736K [0x00000000d5580000, 0x00000000d6d00000, 0x0000000100000000)
  eden space 20480K, 100% used [0x00000000d5580000,0x00000000d6980000,0x00000000d6980000)
  from space 1536K, 81% used [0x00000000d6a00000,0x00000000d6b3a1d8,0x00000000d6b80000)
  to   space 1536K, 0% used [0x00000000d6b80000,0x00000000d6b80000,0x00000000d6d00000)
 ParOldGen       total 68608K, used 51590K [0x0000000080000000, 0x0000000084300000, 0x00000000d5580000)
  object space 68608K, 75% used [0x0000000080000000,0x0000000083261a60,0x0000000084300000)
 Metaspace       used 65454K, committed 66816K, reserved 1114112K
  class space    used 7094K, committed 7616K, reserved 1048576K
}
Event: 36.259 GC heap after
{Heap after GC invocations=45 (full 3):
 PSYoungGen      total 18432K, used 1520K [0x00000000d5580000, 0x00000000d7480000, 0x0000000100000000)
  eden space 16896K, 0% used [0x00000000d5580000,0x00000000d5580000,0x00000000d6600000)
  from space 1536K, 98% used [0x00000000d6b80000,0x00000000d6cfc218,0x00000000d6d00000)
  to   space 5632K, 0% used [0x00000000d6600000,0x00000000d6600000,0x00000000d6b80000)
 ParOldGen       total 68608K, used 54979K [0x0000000080000000, 0x0000000084300000, 0x00000000d5580000)
  object space 68608K, 80% used [0x0000000080000000,0x00000000835b0e20,0x0000000084300000)
 Metaspace       used 65454K, committed 66816K, reserved 1114112K
  class space    used 7094K, committed 7616K, reserved 1048576K
}

