# JRE version: OpenJDK Runtime Environment Temurin-21.0.11+10 (21.0.11+10) (build 21.0.11+10-LTS)
# Java VM: OpenJDK 64-Bit Server VM Temurin-21.0.11+10 (21.0.11+10-LTS, mixed mode, sharing, tiered, compressed oops, compressed class ptrs, parallel gc, windows-amd64)
GC Precious Log:
 CardTable entry size: 512
 CPUs: 12 total, 12 available
 Memory: 16009M
 Large Page Support: Disabled
 NUMA Support: Disabled
 Compressed Oops: Enabled (32-bit)
 Alignments: Space 512K, Generation 512K, Heap 2M
 Heap Min Capacity: 100M
 Heap Initial Capacity: 100M
 Heap Max Capacity: 2G
 Pre-touch: Disabled
 Parallel Workers: 10
Heap:
 PSYoungGen      total 51200K, used 43397K [0x00000000d5580000, 0x00000000d9980000, 0x0000000100000000)
  eden space 35328K, 79% used [0x00000000d5580000,0x00000000d710aad8,0x00000000d7800000)
  from space 15872K, 95% used [0x00000000d7800000,0x00000000d86d6a78,0x00000000d8780000)
  to   space 15360K, 0% used [0x00000000d8a80000,0x00000000d8a80000,0x00000000d9980000)
 ParOldGen       total 228352K, used 227923K [0x0000000080000000, 0x000000008df00000, 0x00000000d5580000)
  object space 228352K, 99% used [0x0000000080000000,0x000000008de94f80,0x000000008df00000)
 Metaspace       used 61057K, committed 62656K, reserved 1114112K
  class space    used 6592K, committed 7232K, reserved 1048576K
GC Heap History (20 events):
Event: 66.938 GC heap before
{Heap before GC invocations=1342 (full 4):
 PSYoungGen      total 40448K, used 39736K [0x00000000d5580000, 0x00000000d8d00000, 0x0000000100000000)
  eden space 24576K, 100% used [0x00000000d5580000,0x00000000d6d80000,0x00000000d6d80000)
  from space 15872K, 95% used [0x00000000d6d80000,0x00000000d7c4e2f8,0x00000000d7d00000)
  to   space 15360K, 0% used [0x00000000d7e00000,0x00000000d7e00000,0x00000000d8d00000)
 ParOldGen       total 225280K, used 224871K [0x0000000080000000, 0x000000008dc00000, 0x00000000d5580000)
  object space 225280K, 99% used [0x0000000080000000,0x000000008db99f48,0x000000008dc00000)
 Metaspace       used 60913K, committed 62528K, reserved 1114112K
  class space    used 6586K, committed 7232K, reserved 1048576K
}
Event: 66.946 GC heap after
{Heap after GC invocations=1342 (full 4):
 PSYoungGen      total 40448K, used 15331K [0x00000000d5580000, 0x00000000d8f00000, 0x0000000100000000)
  eden space 25088K, 0% used [0x00000000d5580000,0x00000000d5580000,0x00000000d6e00000)
  from space 15360K, 99% used [0x00000000d7e00000,0x00000000d8cf8d08,0x00000000d8d00000)
  to   space 16384K, 0% used [0x00000000d6e00000,0x00000000d6e00000,0x00000000d7e00000)
 ParOldGen       total 225792K, used 225647K [0x0000000080000000, 0x000000008dc80000, 0x00000000d5580000)
  object space 225792K, 99% used [0x0000000080000000,0x000000008dc5bf48,0x000000008dc80000)
 Metaspace       used 60913K, committed 62528K, reserved 1114112K
  class space    used 6586K, committed 7232K, reserved 1048576K
}
Event: 66.979 GC heap before
{Heap before GC invocations=1343 (full 4):
 PSYoungGen      total 40448K, used 40419K [0x00000000d5580000, 0x00000000d8f00000, 0x0000000100000000)
  eden space 25088K, 100% used [0x00000000d5580000,0x00000000d6e00000,0x00000000d6e00000)
  from space 15360K, 99% used [0x00000000d7e00000,0x00000000d8cf8d08,0x00000000d8d00000)
  to   space 16384K, 0% used [0x00000000d6e00000,0x00000000d6e00000,0x00000000d7e00000)
 ParOldGen       total 225792K, used 225647K [0x0000000080000000, 0x000000008dc80000, 0x00000000d5580000)
  object space 225792K, 99% used [0x0000000080000000,0x000000008dc5bf48,0x000000008dc80000)
 Metaspace       used 60913K, committed 62528K, reserved 1114112K
  class space    used 6586K, committed 7232K, reserved 1048576K
}
Event: 66.987 GC heap after
{Heap after GC invocations=1343 (full 4):
 PSYoungGen      total 41472K, used 15413K [0x00000000d5580000, 0x00000000d8f00000, 0x0000000100000000)
  eden space 25088K, 0% used [0x00000000d5580000,0x00000000d5580000,0x00000000d6e00000)
  from space 16384K, 94% used [0x00000000d6e00000,0x00000000d7d0d548,0x00000000d7e00000)
  to   space 15872K, 0% used [0x00000000d7f80000,0x00000000d7f80000,0x00000000d8f00000)
 ParOldGen       total 226304K, used 226191K [0x0000000080000000, 0x000000008dd00000, 0x00000000d5580000)
  object space 226304K, 99% used [0x0000000080000000,0x000000008dce3f48,0x000000008dd00000)
 Metaspace       used 60913K, committed 62528K, reserved 1114112K
  class space    used 6586K, committed 7232K, reserved 1048576K
}
Event: 67.032 GC heap before
{Heap before GC invocations=1344 (full 4):
 PSYoungGen      total 41472K, used 40501K [0x00000000d5580000, 0x00000000d8f00000, 0x0000000100000000)
  eden space 25088K, 100% used [0x00000000d5580000,0x00000000d6e00000,0x00000000d6e00000)
  from space 16384K, 94% used [0x00000000d6e00000,0x00000000d7d0d548,0x00000000d7e00000)
  to   space 15872K, 0% used [0x00000000d7f80000,0x00000000d7f80000,0x00000000d8f00000)
 ParOldGen       total 226304K, used 226191K [0x0000000080000000, 0x000000008dd00000, 0x00000000d5580000)
  object space 226304K, 99% used [0x0000000080000000,0x000000008dce3f48,0x000000008dd00000)
 Metaspace       used 60925K, committed 62528K, reserved 1114112K
  class space    used 6589K, committed 7232K, reserved 1048576K
}
Event: 67.039 GC heap after
{Heap after GC invocations=1344 (full 4):
 PSYoungGen      total 41984K, used 14559K [0x00000000d5580000, 0x00000000d8e00000, 0x0000000100000000)
  eden space 27136K, 0% used [0x00000000d5580000,0x00000000d5580000,0x00000000d7000000)
  from space 14848K, 98% used [0x00000000d7f80000,0x00000000d8db7dd0,0x00000000d8e00000)
  to   space 15360K, 0% used [0x00000000d7000000,0x00000000d7000000,0x00000000d7f00000)
 ParOldGen       total 226304K, used 226191K [0x0000000080000000, 0x000000008dd00000, 0x00000000d5580000)
  object space 226304K, 99% used [0x0000000080000000,0x000000008dce3f48,0x000000008dd00000)
 Metaspace       used 60925K, committed 62528K, reserved 1114112K
  class space    used 6589K, committed 7232K, reserved 1048576K
}
Event: 67.093 GC heap before
{Heap before GC invocations=1345 (full 4):
 PSYoungGen      total 41984K, used 41695K [0x00000000d5580000, 0x00000000d8e00000, 0x0000000100000000)
  eden space 27136K, 100% used [0x00000000d5580000,0x00000000d7000000,0x00000000d7000000)
  from space 14848K, 98% used [0x00000000d7f80000,0x00000000d8db7dd0,0x00000000d8e00000)
  to   space 15360K, 0% used [0x00000000d7000000,0x00000000d7000000,0x00000000d7f00000)
 ParOldGen       total 226304K, used 226191K [0x0000000080000000, 0x000000008dd00000, 0x00000000d5580000)
  object space 226304K, 99% used [0x0000000080000000,0x000000008dce3f48,0x000000008dd00000)
 Metaspace       used 60945K, committed 62528K, reserved 1114112K
  class space    used 6590K, committed 7232K, reserved 1048576K
}
Event: 67.100 GC heap after
{Heap after GC invocations=1345 (full 4):
 PSYoungGen      total 42496K, used 14446K [0x00000000d5580000, 0x00000000d8f80000, 0x0000000100000000)
  eden space 27136K, 0% used [0x00000000d5580000,0x00000000d5580000,0x00000000d7000000)
  from space 15360K, 94% used [0x00000000d7000000,0x00000000d7e1ba18,0x00000000d7f00000)
  to   space 14848K, 0% used [0x00000000d8100000,0x00000000d8100000,0x00000000d8f80000)
 ParOldGen       total 226304K, used 226199K [0x0000000080000000, 0x000000008dd00000, 0x00000000d5580000)
  object space 226304K, 99% used [0x0000000080000000,0x000000008dce5f48,0x000000008dd00000)
 Metaspace       used 60945K, committed 62528K, reserved 1114112K
  class space    used 6590K, committed 7232K, reserved 1048576K
}
Event: 67.154 GC heap before
{Heap before GC invocations=1346 (full 4):
 PSYoungGen      total 42496K, used 41582K [0x00000000d5580000, 0x00000000d8f80000, 0x0000000100000000)
  eden space 27136K, 100% used [0x00000000d5580000,0x00000000d7000000,0x00000000d7000000)
  from space 15360K, 94% used [0x00000000d7000000,0x00000000d7e1ba18,0x00000000d7f00000)
  to   space 14848K, 0% used [0x00000000d8100000,0x00000000d8100000,0x00000000d8f80000)
 ParOldGen       total 226304K, used 226199K [0x0000000080000000, 0x000000008dd00000, 0x00000000d5580000)
  object space 226304K, 99% used [0x0000000080000000,0x000000008dce5f48,0x000000008dd00000)
 Metaspace       used 60969K, committed 62528K, reserved 1114112K
  class space    used 6590K, committed 7232K, reserved 1048576K
}
Event: 67.162 GC heap after
{Heap after GC invocations=1346 (full 4):
 PSYoungGen      total 44544K, used 14585K [0x00000000d5580000, 0x00000000d8f80000, 0x0000000100000000)
  eden space 29696K, 0% used [0x00000000d5580000,0x00000000d5580000,0x00000000d7280000)
  from space 14848K, 98% used [0x00000000d8100000,0x00000000d8f3e6e0,0x00000000d8f80000)
  to   space 14848K, 0% used [0x00000000d7280000,0x00000000d7280000,0x00000000d8100000)
 ParOldGen       total 226304K, used 226199K [0x0000000080000000, 0x000000008dd00000, 0x00000000d5580000)
  object space 226304K, 99% used [0x0000000080000000,0x000000008dce5f48,0x000000008dd00000)
 Metaspace       used 60969K, committed 62528K, reserved 1114112K
  class space    used 6590K, committed 7232K, reserved 1048576K
}
Event: 67.219 GC heap before
{Heap before GC invocations=1347 (full 4):
 PSYoungGen      total 44544K, used 44281K [0x00000000d5580000, 0x00000000d8f80000, 0x0000000100000000)
  eden space 29696K, 100% used [0x00000000d5580000,0x00000000d7280000,0x00000000d7280000)
  from space 14848K, 98% used [0x00000000d8100000,0x00000000d8f3e6e0,0x00000000d8f80000)
  to   space 14848K, 0% used [0x00000000d7280000,0x00000000d7280000,0x00000000d8100000)
 ParOldGen       total 226304K, used 226199K [0x0000000080000000, 0x000000008dd00000, 0x00000000d5580000)
  object space 226304K, 99% used [0x0000000080000000,0x000000008dce5f48,0x000000008dd00000)
 Metaspace       used 60979K, committed 62528K, reserved 1114112K
  class space    used 6590K, committed 7232K, reserved 1048576K
}
Event: 67.225 GC heap after
{Heap after GC invocations=1347 (full 4):
 PSYoungGen      total 44544K, used 14669K [0x00000000d5580000, 0x00000000d9200000, 0x0000000100000000)
  eden space 29696K, 0% used [0x00000000d5580000,0x00000000d5580000,0x00000000d7280000)
  from space 14848K, 98% used [0x00000000d7280000,0x00000000d80d37a0,0x00000000d8100000)
  to   space 14848K, 0% used [0x00000000d8380000,0x00000000d8380000,0x00000000d9200000)
 ParOldGen       total 226304K, used 226199K [0x0000000080000000, 0x000000008dd00000, 0x00000000d5580000)
  object space 226304K, 99% used [0x0000000080000000,0x000000008dce5f48,0x000000008dd00000)
 Metaspace       used 60979K, committed 62528K, reserved 1114112K
  class space    used 6590K, committed 7232K, reserved 1048576K
}
Event: 67.262 GC heap before
{Heap before GC invocations=1348 (full 4):
 PSYoungGen      total 44544K, used 44365K [0x00000000d5580000, 0x00000000d9200000, 0x0000000100000000)
  eden space 29696K, 100% used [0x00000000d5580000,0x00000000d7280000,0x00000000d7280000)
  from space 14848K, 98% used [0x00000000d7280000,0x00000000d80d37a0,0x00000000d8100000)
  to   space 14848K, 0% used [0x00000000d8380000,0x00000000d8380000,0x00000000d9200000)
 ParOldGen       total 226304K, used 226199K [0x0000000080000000, 0x000000008dd00000, 0x00000000d5580000)
  object space 226304K, 99% used [0x0000000080000000,0x000000008dce5f48,0x000000008dd00000)
 Metaspace       used 61013K, committed 62592K, reserved 1114112K
  class space    used 6591K, committed 7232K, reserved 1048576K
}
Event: 67.268 GC heap after
{Heap after GC invocations=1348 (full 4):
 PSYoungGen      total 47104K, used 14737K [0x00000000d5580000, 0x00000000d9200000, 0x0000000100000000)
  eden space 32256K, 0% used [0x00000000d5580000,0x00000000d5580000,0x00000000d7500000)
  from space 14848K, 99% used [0x00000000d8380000,0x00000000d91e44f8,0x00000000d9200000)
  to   space 14848K, 0% used [0x00000000d7500000,0x00000000d7500000,0x00000000d8380000)
 ParOldGen       total 226304K, used 226207K [0x0000000080000000, 0x000000008dd00000, 0x00000000d5580000)
  object space 226304K, 99% used [0x0000000080000000,0x000000008dce7f48,0x000000008dd00000)
 Metaspace       used 61013K, committed 62592K, reserved 1114112K
  class space    used 6591K, committed 7232K, reserved 1048576K
}
Event: 67.307 GC heap before
{Heap before GC invocations=1349 (full 4):
 PSYoungGen      total 47104K, used 46993K [0x00000000d5580000, 0x00000000d9200000, 0x0000000100000000)
  eden space 32256K, 100% used [0x00000000d5580000,0x00000000d7500000,0x00000000d7500000)
  from space 14848K, 99% used [0x00000000d8380000,0x00000000d91e44f8,0x00000000d9200000)
  to   space 14848K, 0% used [0x00000000d7500000,0x00000000d7500000,0x00000000d8380000)
 ParOldGen       total 226304K, used 226207K [0x0000000080000000, 0x000000008dd00000, 0x00000000d5580000)
  object space 226304K, 99% used [0x0000000080000000,0x000000008dce7f48,0x000000008dd00000)
 Metaspace       used 61027K, committed 62592K, reserved 1114112K
  class space    used 6591K, committed 7232K, reserved 1048576K
}
Event: 67.314 GC heap after
{Heap after GC invocations=1349 (full 4):
 PSYoungGen      total 47104K, used 14847K [0x00000000d5580000, 0x00000000d9800000, 0x0000000100000000)
  eden space 32256K, 0% used [0x00000000d5580000,0x00000000d5580000,0x00000000d7500000)
  from space 14848K, 99% used [0x00000000d7500000,0x00000000d837fe48,0x00000000d8380000)
  to   space 16384K, 0% used [0x00000000d8800000,0x00000000d8800000,0x00000000d9800000)
 ParOldGen       total 227328K, used 227243K [0x0000000080000000, 0x000000008de00000, 0x00000000d5580000)
  object space 227328K, 99% used [0x0000000080000000,0x000000008ddeaf80,0x000000008de00000)
 Metaspace       used 61027K, committed 62592K, reserved 1114112K
  class space    used 6591K, committed 7232K, reserved 1048576K
}
Event: 67.337 GC heap before
{Heap before GC invocations=1350 (full 4):
 PSYoungGen      total 47104K, used 47103K [0x00000000d5580000, 0x00000000d9800000, 0x0000000100000000)
  eden space 32256K, 100% used [0x00000000d5580000,0x00000000d7500000,0x00000000d7500000)
  from space 14848K, 99% used [0x00000000d7500000,0x00000000d837fe48,0x00000000d8380000)
  to   space 16384K, 0% used [0x00000000d8800000,0x00000000d8800000,0x00000000d9800000)
 ParOldGen       total 227328K, used 227243K [0x0000000080000000, 0x000000008de00000, 0x00000000d5580000)
  object space 227328K, 99% used [0x0000000080000000,0x000000008ddeaf80,0x000000008de00000)
 Metaspace       used 61028K, committed 62592K, reserved 1114112K
  class space    used 6591K, committed 7232K, reserved 1048576K
}
Event: 67.344 GC heap after
{Heap after GC invocations=1350 (full 4):
 PSYoungGen      total 50688K, used 15088K [0x00000000d5580000, 0x00000000d9700000, 0x0000000100000000)
  eden space 35328K, 0% used [0x00000000d5580000,0x00000000d5580000,0x00000000d7800000)
  from space 15360K, 98% used [0x00000000d8800000,0x00000000d96bc310,0x00000000d9700000)
  to   space 15872K, 0% used [0x00000000d7800000,0x00000000d7800000,0x00000000d8780000)
 ParOldGen       total 228352K, used 227923K [0x0000000080000000, 0x000000008df00000, 0x00000000d5580000)
  object space 228352K, 99% used [0x0000000080000000,0x000000008de94f80,0x000000008df00000)
 Metaspace       used 61028K, committed 62592K, reserved 1114112K
  class space    used 6591K, committed 7232K, reserved 1048576K
}
Event: 67.369 GC heap before
{Heap before GC invocations=1351 (full 4):
 PSYoungGen      total 50688K, used 50416K [0x00000000d5580000, 0x00000000d9700000, 0x0000000100000000)
  eden space 35328K, 100% used [0x00000000d5580000,0x00000000d7800000,0x00000000d7800000)
  from space 15360K, 98% used [0x00000000d8800000,0x00000000d96bc310,0x00000000d9700000)
  to   space 15872K, 0% used [0x00000000d7800000,0x00000000d7800000,0x00000000d8780000)
 ParOldGen       total 228352K, used 227923K [0x0000000080000000, 0x000000008df00000, 0x00000000d5580000)
  object space 228352K, 99% used [0x0000000080000000,0x000000008de94f80,0x000000008df00000)
 Metaspace       used 61032K, committed 62592K, reserved 1114112K
  class space    used 6591K, committed 7232K, reserved 1048576K
}
Event: 67.377 GC heap after
{Heap after GC invocations=1351 (full 4):
 PSYoungGen      total 51200K, used 15194K [0x00000000d5580000, 0x00000000d9980000, 0x0000000100000000)
  eden space 35328K, 0% used [0x00000000d5580000,0x00000000d5580000,0x00000000d7800000)
  from space 15872K, 95% used [0x00000000d7800000,0x00000000d86d6a78,0x00000000d8780000)
  to   space 15360K, 0% used [0x00000000d8a80000,0x00000000d8a80000,0x00000000d9980000)
 ParOldGen       total 228352K, used 227923K [0x0000000080000000, 0x000000008df00000, 0x00000000d5580000)
  object space 228352K, 99% used [0x0000000080000000,0x000000008de94f80,0x000000008df00000)
 Metaspace       used 61032K, committed 62592K, reserved 1114112K
  class space    used 6591K, committed 7232K, reserved 1048576K
}

